2015-03-15 15:42:19,641 ERROR [Worker-0] - System.err - [org.eclipse.debug.core] error can't determine modifiers of missing type org.eclipse.pde.internal.ui.wizards.imports.PluginImportHelper
when weaving type org.eclipse.debug.core.model.IDebugModelProvider
when weaving classes 
when weaving 
 [Xlint:cantFindType]
2015-03-15 18:32:19,655 ERROR [Worker-0] - System.err - [org.eclipse.debug.core] error can't determine modifiers of missing type org.eclipse.pde.internal.ui.wizards.imports.PluginImportHelper
when weaving type org.eclipse.debug.core.model.IDebugModelProvider
when weaving classes 
when weaving 
 [Xlint:cantFindType]
2015-03-15 18:33:17,549 ERROR [Worker-2] - System.err - [org.eclipse.debug.core] error can't determine modifiers of missing type org.eclipse.pde.internal.ui.wizards.imports.PluginImportHelper
when weaving type org.eclipse.debug.core.model.IDebugModelProvider
when weaving classes 
when weaving 
 [Xlint:cantFindType]
2015-03-16 00:27:01,205 ERROR [Worker-0] - System.err - [org.eclipse.debug.core] error can't determine modifiers of missing type org.eclipse.pde.internal.ui.wizards.imports.PluginImportHelper
when weaving type org.eclipse.debug.core.model.IDebugModelProvider
when weaving classes 
when weaving 
 [Xlint:cantFindType]
2015-03-16 00:27:23,018 ERROR [main] - System.err - [org.eclipse.jdt.launching] error can't determine modifiers of missing type org.eclipse.pde.internal.ui.wizards.imports.PluginImportHelper
when weaving type org.eclipse.jdt.launching.JavaRuntime
when weaving classes 
when weaving 
 [Xlint:cantFindType]
2015-04-14 19:31:55,164 ERROR [Worker-0] - System.err - [org.eclipse.debug.core] error can't determine modifiers of missing type org.eclipse.pde.internal.ui.wizards.imports.PluginImportHelper
when weaving type org.eclipse.debug.core.model.IDebugModelProvider
when weaving classes 
when weaving 
 [Xlint:cantFindType]
2015-04-14 19:46:44,867 ERROR [main] - System.err - Warning: NLS unused message: Advanced_options_19 in: org.tigris.subversion.subclipse.ui.messages
2015-04-14 19:46:44,890 ERROR [main] - System.err - Warning: NLS unused message: After_configuring_the_project__1 in: org.tigris.subversion.subclipse.ui.messages
2015-04-14 19:46:44,890 ERROR [main] - System.err - Warning: NLS unused message: Automatically_import_the_local_resources_into_the_repository_3 in: org.tigris.subversion.subclipse.ui.messages
2015-04-14 19:46:44,891 ERROR [main] - System.err - Warning: NLS unused message: ConfigureTagsFromRepoViewConfigure_Tag_Error_1 in: org.tigris.subversion.subclipse.ui.messages
2015-04-14 19:46:44,891 ERROR [main] - System.err - Warning: NLS unused message: Configure_the_options_used_for_the_SVN_diff_command_20 in: org.tigris.subversion.subclipse.ui.messages
2015-04-14 19:46:44,891 ERROR [main] - System.err - Warning: NLS unused message: Context_14 in: org.tigris.subversion.subclipse.ui.messages
2015-04-14 19:46:44,892 ERROR [main] - System.err - Warning: NLS unused message: Do_nothing_5 in: org.tigris.subversion.subclipse.ui.messages
2015-04-14 19:46:44,893 ERROR [main] - System.err - Warning: NLS unused message: Example__1 in: org.tigris.subversion.subclipse.ui.messages
2015-04-14 19:46:44,893 ERROR [main] - System.err - Warning: NLS unused message: ExtMethodPreferencePage_Add_Variable in: org.tigris.subversion.subclipse.ui.messages
2015-04-14 19:46:44,893 ERROR [main] - System.err - Warning: NLS unused message: ExtMethodPreferencePage_Browse in: org.tigris.subversion.subclipse.ui.messages
2015-04-14 19:46:44,893 ERROR [main] - System.err - Warning: NLS unused message: ExtMethodPreferencePage_Details in: org.tigris.subversion.subclipse.ui.messages
2015-04-14 19:46:44,893 ERROR [main] - System.err - Warning: NLS unused message: ExtMethodPreferencePage_SVN_SERVER__7 in: org.tigris.subversion.subclipse.ui.messages
2015-04-14 19:46:44,893 ERROR [main] - System.err - Warning: NLS unused message: ExtMethodPreferencePage_message in: org.tigris.subversion.subclipse.ui.messages
2015-04-14 19:46:44,912 ERROR [main] - System.err - Warning: NLS unused message: Icon_Overlays_24 in: org.tigris.subversion.subclipse.ui.messages
2015-04-14 19:46:44,912 ERROR [main] - System.err - Warning: NLS unused message: Open_the_Synchronize_view_on_the_project_2 in: org.tigris.subversion.subclipse.ui.messages
2015-04-14 19:46:44,913 ERROR [main] - System.err - Warning: NLS unused message: browse in: org.tigris.subversion.subclipse.ui.messages
2015-04-14 19:46:44,924 ERROR [main] - System.err - Warning: NLS unused message: Run_update_4 in: org.tigris.subversion.subclipse.ui.messages
2015-04-14 19:46:44,924 ERROR [main] - System.err - Warning: NLS unused message: S&how_is_added_moved in: org.tigris.subversion.subclipse.ui.messages
2015-04-14 19:46:44,926 ERROR [main] - System.err - Warning: NLS unused message: Sho&w_outgoing_25 in: org.tigris.subversion.subclipse.ui.messages
2015-04-14 19:46:44,926 ERROR [main] - System.err - Warning: NLS unused message: Show_has_&remote_26 in: org.tigris.subversion.subclipse.ui.messages
2015-04-14 19:46:44,926 ERROR [main] - System.err - Warning: NLS unused message: Standard_15 in: org.tigris.subversion.subclipse.ui.messages
2015-04-14 19:46:44,937 ERROR [main] - System.err - Warning: NLS unused message: UpdateMergeActionProblems_merging_remote_resources_into_workspace_1 in: org.tigris.subversion.subclipse.ui.messages
2015-04-14 19:46:44,937 ERROR [main] - System.err - Warning: NLS unused message: UpdateMergeActionProblems_merging_remote_resources_into_workspace_2 in: org.tigris.subversion.subclipse.ui.messages
2015-04-14 19:46:44,937 ERROR [main] - System.err - Warning: NLS unused message: Validate_Connection_on_Finish_7 in: org.tigris.subversion.subclipse.ui.messages
2015-04-14 19:46:44,937 ERROR [main] - System.err - Warning: NLS unused message: buildError in: org.tigris.subversion.subclipse.ui.messages
2015-04-14 19:46:44,937 ERROR [main] - System.err - Warning: NLS unused message: confirmOverwrite in: org.tigris.subversion.subclipse.ui.messages
2015-04-14 19:46:44,937 ERROR [main] - System.err - Warning: NLS unused message: confirmOverwriteTitle in: org.tigris.subversion.subclipse.ui.messages
2015-04-14 19:46:44,938 ERROR [main] - System.err - Warning: NLS unused message: currentRevision in: org.tigris.subversion.subclipse.ui.messages
2015-04-14 19:46:44,938 ERROR [main] - System.err - Warning: NLS unused message: details in: org.tigris.subversion.subclipse.ui.messages
2015-04-14 19:46:44,938 ERROR [main] - System.err - Warning: NLS unused message: error in: org.tigris.subversion.subclipse.ui.messages
2015-04-14 19:46:44,938 ERROR [main] - System.err - Warning: NLS unused message: exception in: org.tigris.subversion.subclipse.ui.messages
2015-04-14 19:46:44,938 ERROR [main] - System.err - Warning: NLS unused message: flag_indicating_that_the_folder_has_a_child_resource_with_outgoing_changes_41 in: org.tigris.subversion.subclipse.ui.messages
2015-04-14 19:46:44,938 ERROR [main] - System.err - Warning: NLS unused message: information in: org.tigris.subversion.subclipse.ui.messages
2015-04-14 19:46:44,938 ERROR [main] - System.err - Warning: NLS unused message: internal in: org.tigris.subversion.subclipse.ui.messages
2015-04-14 19:46:44,938 ERROR [main] - System.err - Warning: NLS unused message: keyword_substitution_rule_for_the_resource_44 in: org.tigris.subversion.subclipse.ui.messages
2015-04-14 19:46:44,938 ERROR [main] - System.err - Warning: NLS unused message: localChanges in: org.tigris.subversion.subclipse.ui.messages
2015-04-14 19:46:44,938 ERROR [main] - System.err - Warning: NLS unused message: nameAndRevision in: org.tigris.subversion.subclipse.ui.messages
2015-04-14 19:46:44,938 ERROR [main] - System.err - Warning: NLS unused message: no in: org.tigris.subversion.subclipse.ui.messages
2015-04-14 19:46:44,946 ERROR [main] - System.err - Warning: NLS unused message: prompt in: org.tigris.subversion.subclipse.ui.messages
2015-04-14 19:46:44,946 ERROR [main] - System.err - Warning: NLS unused message: noauthor in: org.tigris.subversion.subclipse.ui.messages
2015-04-14 19:46:44,946 ERROR [main] - System.err - Warning: NLS unused message: notAvailable in: org.tigris.subversion.subclipse.ui.messages
2015-04-14 19:46:44,946 ERROR [main] - System.err - Warning: NLS unused message: ok in: org.tigris.subversion.subclipse.ui.messages
2015-04-14 19:46:44,946 ERROR [main] - System.err - Warning: NLS unused message: question in: org.tigris.subversion.subclipse.ui.messages
2015-04-14 19:46:44,946 ERROR [main] - System.err - Warning: NLS unused message: repository_home_directory_on_server_39 in: org.tigris.subversion.subclipse.ui.messages
2015-04-14 19:46:44,946 ERROR [main] - System.err - Warning: NLS unused message: root_relative_directory_40 in: org.tigris.subversion.subclipse.ui.messages
2015-04-14 19:46:44,946 ERROR [main] - System.err - Warning: NLS unused message: separator in: org.tigris.subversion.subclipse.ui.messages
2015-04-14 19:46:44,946 ERROR [main] - System.err - Warning: NLS unused message: simpleInternal in: org.tigris.subversion.subclipse.ui.messages
2015-04-14 19:46:44,947 ERROR [main] - System.err - Warning: NLS unused message: svn in: org.tigris.subversion.subclipse.ui.messages
2015-04-14 19:46:44,947 ERROR [main] - System.err - Warning: NLS unused message: the_repository_location__s_hostname_36 in: org.tigris.subversion.subclipse.ui.messages
2015-04-14 19:46:44,947 ERROR [main] - System.err - Warning: NLS unused message: the_tag_applied_to_the_resource_(version,_branch,_or_date)_35 in: org.tigris.subversion.subclipse.ui.messages
2015-04-14 19:46:44,947 ERROR [main] - System.err - Warning: NLS unused message: the_tag_applied_to_the_resource_43 in: org.tigris.subversion.subclipse.ui.messages
2015-04-14 19:46:44,947 ERROR [main] - System.err - Warning: NLS unused message: user_name_for_the_connection_38 in: org.tigris.subversion.subclipse.ui.messages
2015-04-14 19:46:44,947 ERROR [main] - System.err - Warning: NLS unused message: yes in: org.tigris.subversion.subclipse.ui.messages
2015-04-14 19:46:44,948 ERROR [main] - System.err - Warning: NLS unused message: AnnotateOperation_QDAnnotateTitle in: org.tigris.subversion.subclipse.ui.messages
2015-04-14 19:46:44,948 ERROR [main] - System.err - Warning: NLS unused message: AnnotateOperation_QDAnnotateMessage in: org.tigris.subversion.subclipse.ui.messages
2015-04-14 19:46:44,948 ERROR [main] - System.err - Warning: NLS unused message: AnnotateOperation_4 in: org.tigris.subversion.subclipse.ui.messages
2015-04-14 19:46:44,948 ERROR [main] - System.err - Warning: NLS unused message: SVNConflicts in: org.tigris.subversion.subclipse.ui.messages
2015-04-14 19:46:44,948 ERROR [main] - System.err - Warning: NLS unused message: WorkspaceChangeSetCapability_1 in: org.tigris.subversion.subclipse.ui.messages
2015-04-14 19:46:44,949 ERROR [main] - System.err - Warning: NLS unused message: WorkspaceChangeSetCapability_2 in: org.tigris.subversion.subclipse.ui.messages
2015-04-14 19:46:44,949 ERROR [main] - System.err - Warning: NLS unused message: WorkspaceChangeSetCapability_3 in: org.tigris.subversion.subclipse.ui.messages
2015-04-14 19:46:44,949 ERROR [main] - System.err - Warning: NLS unused message: WorkspaceChangeSetCapability_7 in: org.tigris.subversion.subclipse.ui.messages
2015-04-14 19:46:44,949 ERROR [main] - System.err - Warning: NLS unused message: WorkspaceChangeSetCapability_8 in: org.tigris.subversion.subclipse.ui.messages
2015-04-14 19:46:44,949 ERROR [main] - System.err - Warning: NLS unused message: OpenChangeSetAction_0 in: org.tigris.subversion.subclipse.ui.messages
2015-04-14 19:46:44,949 ERROR [main] - System.err - Warning: NLS unused message: OpenChangeSetAction_1 in: org.tigris.subversion.subclipse.ui.messages
2015-04-14 19:46:44,949 ERROR [main] - System.err - Warning: NLS unused message: OpenCommitSetAction_20 in: org.tigris.subversion.subclipse.ui.messages
2015-04-14 19:46:44,949 ERROR [main] - System.err - Warning: NLS unused message: OpenCommitSetAction_21 in: org.tigris.subversion.subclipse.ui.messages
2015-04-14 19:46:44,949 ERROR [main] - System.err - Warning: NLS unused message: CVSChangeSetCollector_0 in: org.tigris.subversion.subclipse.ui.messages
2015-04-14 19:46:44,949 ERROR [main] - System.err - Warning: NLS unused message: CVSChangeSetCollector_4 in: org.tigris.subversion.subclipse.ui.messages
2015-04-14 19:46:44,949 ERROR [main] - System.err - Warning: NLS unused message: WorkspaceSubscriberContext_0 in: org.tigris.subversion.subclipse.ui.messages
2015-04-14 19:46:44,950 ERROR [main] - System.err - Warning: NLS unused message: CommitSetDialog_0 in: org.tigris.subversion.subclipse.ui.messages
2015-04-14 19:46:44,950 ERROR [main] - System.err - Warning: NLS unused message: CommitSetDialog_2 in: org.tigris.subversion.subclipse.ui.messages
2015-04-14 19:46:44,950 ERROR [main] - System.err - Warning: NLS unused message: CommitSetDialog_3 in: org.tigris.subversion.subclipse.ui.messages
2015-04-14 19:46:44,950 ERROR [main] - System.err - Warning: NLS unused message: CommitCommentArea_0 in: org.tigris.subversion.subclipse.ui.messages
2015-04-14 19:46:44,950 ERROR [main] - System.err - Warning: NLS unused message: CommitCommentArea_1 in: org.tigris.subversion.subclipse.ui.messages
2015-04-14 19:46:44,950 ERROR [main] - System.err - Warning: NLS unused message: CommitCommentArea_2 in: org.tigris.subversion.subclipse.ui.messages
2015-04-14 19:46:44,950 ERROR [main] - System.err - Warning: NLS unused message: CommitCommentArea_3 in: org.tigris.subversion.subclipse.ui.messages
2015-04-14 19:46:44,950 ERROR [main] - System.err - Warning: NLS unused message: CommitCommentArea_4 in: org.tigris.subversion.subclipse.ui.messages
2015-04-14 19:46:44,950 ERROR [main] - System.err - Warning: NLS unused message: CommitCommentArea_5 in: org.tigris.subversion.subclipse.ui.messages
2015-04-14 19:46:44,950 ERROR [main] - System.err - Warning: NLS unused message: CommitCommentArea_6 in: org.tigris.subversion.subclipse.ui.messages
2015-04-14 19:46:48,043 ERROR [Worker-1] - System.err - [org.eclipse.debug.core] error can't determine modifiers of missing type org.eclipse.pde.internal.ui.wizards.imports.PluginImportHelper
when weaving type org.eclipse.debug.core.model.IDebugModelProvider
when weaving classes 
when weaving 
 [Xlint:cantFindType]
2015-04-14 20:08:56,115 ERROR [Worker-0] - System.err - [org.eclipse.debug.core] error can't determine modifiers of missing type org.eclipse.pde.internal.ui.wizards.imports.PluginImportHelper
when weaving type org.eclipse.debug.core.model.IDebugModelProvider
when weaving classes 
when weaving 
 [Xlint:cantFindType]
2015-05-11 18:55:50,553 ERROR [Worker-0] - System.err - [org.eclipse.debug.core] error can't determine modifiers of missing type org.eclipse.pde.internal.ui.wizards.imports.PluginImportHelper
when weaving type org.eclipse.debug.core.model.IDebugModelProvider
when weaving classes 
when weaving 
 [Xlint:cantFindType]
2015-05-11 19:05:22,228 ERROR [ModalContext] - System.err - [org.eclipse.jdt.launching] error can't determine modifiers of missing type org.eclipse.pde.internal.ui.wizards.imports.PluginImportHelper
when weaving type org.eclipse.jdt.internal.launching.JREContainerInitializer
when weaving classes 
when weaving 
 [Xlint:cantFindType]
2015-05-11 19:07:12,678 ERROR [Worker-4] - System.err - [org.eclipse.jdt.debug.ui] error can't determine modifiers of missing type org.eclipse.pde.internal.ui.wizards.imports.PluginImportHelper
when weaving type org.eclipse.jdt.debug.ui.launchConfigurations.JavaAppletLaunchShortcut
when weaving classes 
when weaving 
 [Xlint:cantFindType]
2015-05-11 19:07:13,039 ERROR [main] - System.err - [org.eclipse.jdt.junit] error can't determine modifiers of missing type org.eclipse.pde.internal.ui.wizards.imports.PluginImportHelper
when weaving type org.eclipse.jdt.junit.launcher.JUnitLaunchShortcut
when weaving classes 
when weaving 
 [Xlint:cantFindType]
2015-05-11 19:57:30,016 ERROR [Worker-1] - System.err - [org.eclipse.jdt.debug.ui] error can't determine modifiers of missing type org.eclipse.pde.internal.ui.wizards.imports.PluginImportHelper
when weaving type org.eclipse.jdt.debug.ui.launchConfigurations.JavaAppletLaunchShortcut
when weaving classes 
when weaving 
 [Xlint:cantFindType]
2015-05-11 19:57:30,636 ERROR [Worker-1] - System.err - [org.eclipse.jdt.junit] error can't determine modifiers of missing type org.eclipse.pde.internal.ui.wizards.imports.PluginImportHelper
when weaving type org.eclipse.jdt.junit.launcher.JUnitLaunchShortcut
when weaving classes 
when weaving 
 [Xlint:cantFindType]
2015-05-22 12:30:27,049 ERROR [Worker-13] - System.err - [org.eclipse.jdt.debug.ui] error can't determine modifiers of missing type org.eclipse.pde.internal.ui.wizards.imports.PluginImportHelper
when weaving type org.eclipse.jdt.debug.ui.launchConfigurations.JavaAppletLaunchShortcut
when weaving classes 
when weaving 
 [Xlint:cantFindType]
2015-05-22 12:30:27,741 ERROR [Worker-13] - System.err - [org.eclipse.jdt.junit] error can't determine modifiers of missing type org.eclipse.pde.internal.ui.wizards.imports.PluginImportHelper
when weaving type org.eclipse.jdt.junit.launcher.JUnitLaunchShortcut
when weaving classes 
when weaving 
 [Xlint:cantFindType]
2015-05-24 14:46:07,598 ERROR [main] - System.err - [org.eclipse.jdt.debug.ui] error can't determine modifiers of missing type org.eclipse.pde.internal.ui.wizards.imports.PluginImportHelper
when weaving type org.eclipse.jdt.internal.debug.ui.actions.RetargettableActionAdapterFactory
when weaving classes 
when weaving 
 [Xlint:cantFindType]
2015-05-24 14:47:58,262 ERROR [ModalContext] - System.err - [org.eclipse.jdt.junit] error can't determine modifiers of missing type org.eclipse.pde.internal.ui.wizards.imports.PluginImportHelper
when weaving type org.eclipse.jdt.internal.junit.refactoring.ProjectRenameParticipant
when weaving classes 
when weaving 
 [Xlint:cantFindType]
2015-05-24 18:28:19,644 ERROR [Worker-6] - System.err - [org.eclipse.jdt.debug.ui] error can't determine modifiers of missing type org.eclipse.pde.internal.ui.wizards.imports.PluginImportHelper
when weaving type org.eclipse.jdt.internal.debug.ui.console.JavaConsoleTracker
when weaving classes 
when weaving 
 [Xlint:cantFindType]
2015-05-24 19:35:22,458 ERROR [main] - System.err - [org.eclipse.jdt.junit] error can't determine modifiers of missing type org.eclipse.pde.internal.ui.wizards.imports.PluginImportHelper
when weaving type org.eclipse.jdt.internal.junit.ui.JUnitQuickFixProcessor
when weaving classes 
when weaving 
 [Xlint:cantFindType]
2015-05-25 19:42:50,818 ERROR [main] - System.err - [org.eclipse.jdt.junit] error can't determine modifiers of missing type org.eclipse.pde.internal.ui.wizards.imports.PluginImportHelper
when weaving type org.eclipse.jdt.internal.junit.ui.JUnitQuickFixProcessor
when weaving classes 
when weaving 
 [Xlint:cantFindType]
2015-05-25 19:42:56,715 ERROR [Worker-2] - System.err - [org.eclipse.jdt.debug.ui] error can't determine modifiers of missing type org.eclipse.pde.internal.ui.wizards.imports.PluginImportHelper
when weaving type org.eclipse.jdt.internal.debug.ui.console.JavaConsoleTracker
when weaving classes 
when weaving 
 [Xlint:cantFindType]
2015-05-26 13:30:02,589 ERROR [main] - System.err - [org.eclipse.jdt.debug.ui] error can't determine modifiers of missing type org.eclipse.pde.internal.ui.wizards.imports.PluginImportHelper
when weaving type org.eclipse.jdt.internal.debug.ui.actions.RetargettableActionAdapterFactory
when weaving classes 
when weaving 
 [Xlint:cantFindType]
2015-05-26 13:30:37,722 ERROR [main] - System.err - [org.eclipse.jdt.junit] error can't determine modifiers of missing type org.eclipse.pde.internal.ui.wizards.imports.PluginImportHelper
when weaving type org.eclipse.jdt.internal.junit.ui.JUnitQuickFixProcessor
when weaving classes 
when weaving 
 [Xlint:cantFindType]
2015-06-02 14:12:01,297 ERROR [main] - System.err - [org.eclipse.jdt.debug.ui] error can't determine modifiers of missing type org.eclipse.pde.internal.ui.wizards.imports.PluginImportHelper
when weaving type org.eclipse.jdt.internal.debug.ui.actions.RetargettableActionAdapterFactory
when weaving classes 
when weaving 
 [Xlint:cantFindType]
2015-06-02 14:20:31,198 ERROR [main] - System.err - [org.eclipse.jdt.junit] error can't determine modifiers of missing type org.eclipse.pde.internal.ui.wizards.imports.PluginImportHelper
when weaving type org.eclipse.jdt.internal.junit.ui.JUnitQuickFixProcessor
when weaving classes 
when weaving 
 [Xlint:cantFindType]
2015-06-04 10:02:44,588 ERROR [main] - System.err - [org.eclipse.jdt.debug.ui] error can't determine modifiers of missing type org.eclipse.pde.internal.ui.wizards.imports.PluginImportHelper
when weaving type org.eclipse.jdt.internal.debug.ui.actions.RetargettableActionAdapterFactory
when weaving classes 
when weaving 
 [Xlint:cantFindType]
2015-06-04 10:14:15,887 ERROR [ModalContext] - System.err - [org.eclipse.jdt.junit] error can't determine modifiers of missing type org.eclipse.pde.internal.ui.wizards.imports.PluginImportHelper
when weaving type org.eclipse.jdt.internal.junit.refactoring.TypeRenameParticipant
when weaving classes 
when weaving 
 [Xlint:cantFindType]
